<?xml version="1.0" encoding="UTF-8"?>
<testng-results ignored="0" total="2" passed="2" failed="0" skipped="0">
  <reporter-output>
  </reporter-output>
  <suite started-at="2026-03-24T13:57:21 IST" name="Master Suite" finished-at="2026-03-24T13:57:58 IST" duration-ms="36607">
    <groups>
      <group name="Master">
        <method signature="TC1_AccountRegistrationTest.verify_account_registration()[pri:0, instance:testCases.TC1_AccountRegistrationTest@2812b107]" name="verify_account_registration" class="testCases.TC1_AccountRegistrationTest"/>
        <method signature="TC2_LoginTest.verify_login()[pri:0, instance:testCases.TC2_LoginTest@198d6542]" name="verify_login" class="testCases.TC2_LoginTest"/>
      </group> <!-- Master -->
      <group name="Sanity">
        <method signature="TC2_LoginTest.verify_login()[pri:0, instance:testCases.TC2_LoginTest@198d6542]" name="verify_login" class="testCases.TC2_LoginTest"/>
      </group> <!-- Sanity -->
      <group name="Regression">
        <method signature="TC1_AccountRegistrationTest.verify_account_registration()[pri:0, instance:testCases.TC1_AccountRegistrationTest@2812b107]" name="verify_account_registration" class="testCases.TC1_AccountRegistrationTest"/>
      </group> <!-- Regression -->
    </groups>
    <test started-at="2026-03-24T13:57:21 IST" name="Test" finished-at="2026-03-24T13:57:58 IST" duration-ms="36607">
      <class name="testCases.TC1_AccountRegistrationTest">
        <test-method is-config="true" signature="setup(java.lang.String,java.lang.String)[pri:0, instance:testCases.TC1_AccountRegistrationTest@2812b107]" started-at="2026-03-24T13:57:22 IST" name="setup" finished-at="2026-03-24T13:57:34 IST" duration-ms="12156" status="PASS">
          <params>
            <param index="0">
              <value>
                <![CDATA[Windows]]>
              </value>
            </param>
            <param index="1">
              <value>
                <![CDATA[chrome]]>
              </value>
            </param>
          </params>
          <reporter-output>
          </reporter-output>
        </test-method> <!-- setup -->
        <test-method signature="verify_account_registration()[pri:0, instance:testCases.TC1_AccountRegistrationTest@2812b107]" started-at="2026-03-24T13:57:34 IST" name="verify_account_registration" finished-at="2026-03-24T13:57:40 IST" duration-ms="6318" status="PASS">
          <reporter-output>
          </reporter-output>
        </test-method> <!-- verify_account_registration -->
        <test-method is-config="true" signature="tearDown()[pri:0, instance:testCases.TC1_AccountRegistrationTest@2812b107]" started-at="2026-03-24T13:57:40 IST" name="tearDown" finished-at="2026-03-24T13:57:42 IST" duration-ms="1180" status="PASS">
          <reporter-output>
          </reporter-output>
        </test-method> <!-- tearDown -->
      </class> <!-- testCases.TC1_AccountRegistrationTest -->
      <class name="testCases.TC2_LoginTest">
        <test-method is-config="true" signature="setup(java.lang.String,java.lang.String)[pri:0, instance:testCases.TC2_LoginTest@198d6542]" started-at="2026-03-24T13:57:42 IST" name="setup" finished-at="2026-03-24T13:57:50 IST" duration-ms="8805" status="PASS">
          <params>
            <param index="0">
              <value>
                <![CDATA[Windows]]>
              </value>
            </param>
            <param index="1">
              <value>
                <![CDATA[chrome]]>
              </value>
            </param>
          </params>
          <reporter-output>
          </reporter-output>
        </test-method> <!-- setup -->
        <test-method signature="verify_login()[pri:0, instance:testCases.TC2_LoginTest@198d6542]" started-at="2026-03-24T13:57:50 IST" name="verify_login" finished-at="2026-03-24T13:57:56 IST" duration-ms="5917" status="PASS">
          <reporter-output>
          </reporter-output>
        </test-method> <!-- verify_login -->
        <test-method is-config="true" signature="tearDown()[pri:0, instance:testCases.TC2_LoginTest@198d6542]" started-at="2026-03-24T13:57:56 IST" name="tearDown" finished-at="2026-03-24T13:57:58 IST" duration-ms="1211" status="PASS">
          <reporter-output>
          </reporter-output>
        </test-method> <!-- tearDown -->
      </class> <!-- testCases.TC2_LoginTest -->
    </test> <!-- Test -->
  </suite> <!-- Master Suite -->
</testng-results>
