<?xml version="1.0" encoding="UTF-8"?>
<!-- Generated by org.testng.reporters.JUnitReportReporter -->
<testsuite hostname="DESKTOP-D41F9R5" failures="0" tests="6" name="testCases.TC3_LoginDDT" time="85.066" errors="0" timestamp="2026-03-23T12:29:54 IST" skipped="0">
  <testcase classname="testCases.TC3_LoginDDT" name="verify_loginDDT" time="10.392"/>
  <testcase classname="testCases.TC3_LoginDDT" name="verify_loginDDT" time="22.608"/>
  <testcase classname="testCases.TC3_LoginDDT" name="verify_loginDDT" time="22.952"/>
  <testcase classname="testCases.TC3_LoginDDT" name="verify_loginDDT" time="3.647"/>
  <testcase classname="testCases.TC3_LoginDDT" name="verify_loginDDT" time="3.089"/>
  <testcase classname="testCases.TC3_LoginDDT" name="verify_loginDDT" time="22.378"/>
</testsuite> <!-- testCases.TC3_LoginDDT -->
